17:50:47.974 INFO - Selenium build info: version: '3.3.1', revision: '5234b32'
17:50:47.975 INFO - Launching a standalone Selenium Server
2017-03-26 17:50:47.997:INFO::main: Logging initialized @299ms to org.seleniumhq.jetty9.util.log.StdErrLog
17:50:48.068 INFO - Driver provider org.openqa.selenium.ie.InternetExplorerDriver registration is skipped:
 registration capabilities Capabilities [{ensureCleanSession=true, browserName=internet explorer, version=, platform=WINDOWS}] does not match the current platform MAC
17:50:48.069 INFO - Driver provider org.openqa.selenium.edge.EdgeDriver registration is skipped:
 registration capabilities Capabilities [{browserName=MicrosoftEdge, version=, platform=WINDOWS}] does not match the current platform MAC
17:50:48.069 INFO - Driver class not found: com.opera.core.systems.OperaDriver
17:50:48.069 INFO - Driver provider com.opera.core.systems.OperaDriver registration is skipped:
Unable to create new instances on this machine.
17:50:48.069 INFO - Driver class not found: com.opera.core.systems.OperaDriver
17:50:48.070 INFO - Driver provider com.opera.core.systems.OperaDriver is not registered
2017-03-26 17:50:48.124:INFO:osjs.Server:main: jetty-9.2.20.v20161216
2017-03-26 17:50:48.177:INFO:osjsh.ContextHandler:main: Started o.s.j.s.ServletContextHandler@685cb137{/,null,AVAILABLE}
2017-03-26 17:50:48.217:INFO:osjs.AbstractConnector:main: Started ServerConnector@5bcab519{HTTP/1.1,[http/1.1]}{0.0.0.0:4444}
2017-03-26 17:50:48.218:INFO:osjs.Server:main: Started @520ms
17:50:48.218 INFO - Selenium Server is up and running
17:50:48.494 INFO - SessionCleaner initialized with insideBrowserTimeout 0 and clientGoneTimeout 1800000 polling every 180000
17:50:48.524 INFO - Executing: [new session: Capabilities [{acceptSslCerts=true, name=Tests, browserName=chrome, javascriptEnabled=true, platform=ANY}]])
17:50:48.542 INFO - Creating a new session for Capabilities [{acceptSslCerts=true, name=Tests, browserName=chrome, javascriptEnabled=true, platform=ANY}]
Starting ChromeDriver 2.28.455517 (2c6d2707d8ea850c862f04ac066724273981e88f) on port 34524
Only local connections are allowed.
17:50:49.937 INFO - Detected dialect: OSS
17:50:49.974 INFO - Done: [new session: Capabilities [{acceptSslCerts=true, name=Tests, browserName=chrome, javascriptEnabled=true, platform=ANY}]]
17:50:50.002 INFO - Executing: [get: http://localhost:3000/])
17:50:50.714 INFO - Done: [get: http://localhost:3000/]
17:50:50.729 INFO - Executing: [find elements: By.cssSelector: body])
17:50:50.784 INFO - Done: [find elements: By.cssSelector: body]
17:50:50.792 INFO - Executing: [is displayed: 0 [[ChromeDriver: chrome on MAC (719a6efc4a4c55a9df78d27dec663c60)] -> css selector: body]])
17:50:50.836 INFO - Done: [is displayed: 0 [[ChromeDriver: chrome on MAC (719a6efc4a4c55a9df78d27dec663c60)] -> css selector: body]]
17:50:50.845 INFO - Executing: [find element: By.cssSelector: .stream-items])
17:50:50.869 INFO - Done: [find element: By.cssSelector: .stream-items]
17:50:50.874 INFO - Executing: [is displayed: 1 [[ChromeDriver: chrome on MAC (719a6efc4a4c55a9df78d27dec663c60)] -> css selector: .stream-items]])
17:50:50.901 INFO - Done: [is displayed: 1 [[ChromeDriver: chrome on MAC (719a6efc4a4c55a9df78d27dec663c60)] -> css selector: .stream-items]]
17:50:50.909 INFO - Executing: [find element: By.cssSelector: button[name=1]])
17:50:51.552 WARN - Exception thrown
org.openqa.selenium.InvalidSelectorException: invalid selector: An invalid or illegal selector was specified
  (Session info: chrome=57.0.2987.110)
  (Driver info: chromedriver=2.28.455517 (2c6d2707d8ea850c862f04ac066724273981e88f),platform=Mac OS X 10.12.3 x86_64) (WARNING: The server did not provide any stacktrace information)
Command duration or timeout: 28 milliseconds
For documentation on this error, please visit: http://seleniumhq.org/exceptions/invalid_selector_exception.html
Build info: version: '3.3.1', revision: '5234b32', time: '2017-03-10 09:04:52 -0800'
System info: host: 'Davinders-MacBook-Air.local', ip: 'fe80:0:0:0:82:6ab9:583d:71b2%en0', os.name: 'Mac OS X', os.arch: 'x86_64', os.version: '10.12.3', java.version: '1.8.0_121'
Driver info: org.openqa.selenium.chrome.ChromeDriver
Capabilities [{applicationCacheEnabled=false, rotatable=false, mobileEmulationEnabled=false, networkConnectionEnabled=false, chrome={chromedriverVersion=2.28.455517 (2c6d2707d8ea850c862f04ac066724273981e88f), userDataDir=/var/folders/g0/wl2pzg2n6qj1fp3_2yztfw_w0000gn/T/.org.chromium.Chromium.HLIqvK}, takesHeapSnapshot=true, pageLoadStrategy=normal, databaseEnabled=false, handlesAlerts=true, hasTouchScreen=false, version=57.0.2987.110, platform=MAC, browserConnectionEnabled=false, nativeEvents=true, acceptSslCerts=true, locationContextEnabled=true, webStorageEnabled=true, browserName=chrome, takesScreenshot=true, javascriptEnabled=true, cssSelectorsEnabled=true, unexpectedAlertBehaviour=}]
Session ID: 719a6efc4a4c55a9df78d27dec663c60
*** Element info: {Using=css selector, value=button[name=1]}
	at sun.reflect.NativeConstructorAccessorImpl.newInstance0(Native Method)
	at sun.reflect.NativeConstructorAccessorImpl.newInstance(NativeConstructorAccessorImpl.java:62)
	at sun.reflect.DelegatingConstructorAccessorImpl.newInstance(DelegatingConstructorAccessorImpl.java:45)
	at java.lang.reflect.Constructor.newInstance(Constructor.java:423)
	at org.openqa.selenium.remote.ErrorHandler.createThrowable(ErrorHandler.java:216)
	at org.openqa.selenium.remote.ErrorHandler.throwIfResponseFailed(ErrorHandler.java:168)
	at org.openqa.selenium.remote.RemoteWebDriver.execute(RemoteWebDriver.java:638)
	at org.openqa.selenium.remote.RemoteWebDriver.findElement(RemoteWebDriver.java:371)
	at org.openqa.selenium.remote.RemoteWebDriver.findElementByCssSelector(RemoteWebDriver.java:468)
	at org.openqa.selenium.By$ByCssSelector.findElement(By.java:430)
	at org.openqa.selenium.remote.RemoteWebDriver.findElement(RemoteWebDriver.java:363)
	at sun.reflect.NativeMethodAccessorImpl.invoke0(Native Method)
	at sun.reflect.NativeMethodAccessorImpl.invoke(NativeMethodAccessorImpl.java:62)
	at sun.reflect.DelegatingMethodAccessorImpl.invoke(DelegatingMethodAccessorImpl.java:43)
	at java.lang.reflect.Method.invoke(Method.java:498)
	at org.openqa.selenium.support.events.EventFiringWebDriver$2.invoke(EventFiringWebDriver.java:104)
	at com.sun.proxy.$Proxy4.findElement(Unknown Source)
	at org.openqa.selenium.support.events.EventFiringWebDriver.findElement(EventFiringWebDriver.java:188)
	at org.openqa.selenium.remote.server.handler.FindElement.call(FindElement.java:48)
	at org.openqa.selenium.remote.server.handler.FindElement.call(FindElement.java:33)
	at java.util.concurrent.FutureTask.run(FutureTask.java:266)
	at org.openqa.selenium.remote.server.DefaultSession$1.run(DefaultSession.java:176)
	at java.util.concurrent.ThreadPoolExecutor.runWorker(ThreadPoolExecutor.java:1142)
	at java.util.concurrent.ThreadPoolExecutor$Worker.run(ThreadPoolExecutor.java:617)
	at java.lang.Thread.run(Thread.java:745)
17:50:51.555 WARN - Exception: invalid selector: An invalid or illegal selector was specified
  (Session info: chrome=57.0.2987.110)
  (Driver info: chromedriver=2.28.455517 (2c6d2707d8ea850c862f04ac066724273981e88f),platform=Mac OS X 10.12.3 x86_64) (WARNING: The server did not provide any stacktrace information)
Command duration or timeout: 28 milliseconds
For documentation on this error, please visit: http://seleniumhq.org/exceptions/invalid_selector_exception.html
Build info: version: '3.3.1', revision: '5234b32', time: '2017-03-10 09:04:52 -0800'
System info: host: 'Davinders-MacBook-Air.local', ip: 'fe80:0:0:0:82:6ab9:583d:71b2%en0', os.name: 'Mac OS X', os.arch: 'x86_64', os.version: '10.12.3', java.version: '1.8.0_121'
Driver info: org.openqa.selenium.chrome.ChromeDriver
Capabilities [{applicationCacheEnabled=false, rotatable=false, mobileEmulationEnabled=false, networkConnectionEnabled=false, chrome={chromedriverVersion=2.28.455517 (2c6d2707d8ea850c862f04ac066724273981e88f), userDataDir=/var/folders/g0/wl2pzg2n6qj1fp3_2yztfw_w0000gn/T/.org.chromium.Chromium.HLIqvK}, takesHeapSnapshot=true, pageLoadStrategy=normal, databaseEnabled=false, handlesAlerts=true, hasTouchScreen=false, version=57.0.2987.110, platform=MAC, browserConnectionEnabled=false, nativeEvents=true, acceptSslCerts=true, locationContextEnabled=true, webStorageEnabled=true, browserName=chrome, takesScreenshot=true, javascriptEnabled=true, cssSelectorsEnabled=true, unexpectedAlertBehaviour=}]
Session ID: 719a6efc4a4c55a9df78d27dec663c60
*** Element info: {Using=css selector, value=button[name=1]}
17:50:51.646 INFO - Executing: [delete session: 2001ead2-9f54-4970-9d33-63fd1c5647d5])
17:50:51.722 INFO - Done: [delete session: 2001ead2-9f54-4970-9d33-63fd1c5647d5]
